<?xml version="1.0" encoding="UTF-8"?>
<!-- Generated by org.testng.reporters.JUnitXMLReporter -->
<testsuite hostname="SubhadeepLaptop" ignored="0" name="Default test" tests="7" failures="0" timestamp="18 Mar 2022 15:38:20 GMT" time="54.942" errors="0">
  <testcase name="verifyHomePage" time="0.088" classname="testClass.TelecomTest"/>
  <testcase name="addCustomerDetails" time="6.667" classname="testClass.TelecomTest"/>
  <testcase name="addCustomerDetails" time="6.416" classname="testClass.TelecomTest"/>
  <testcase name="AddTariff" time="6.102" classname="testClass.TelecomTest"/>
  <testcase name="AddTariff" time="6.831" classname="testClass.TelecomTest"/>
  <testcase name="addPlanCustomer" time="10.806" classname="testClass.TelecomTest"/>
  <testcase name="payCustomerBill" time="3.838" classname="testClass.TelecomTest"/>
</testsuite> <!-- Default test -->
