<?xml version="1.0" encoding="UTF-8"?>
<!-- Generated by org.testng.reporters.JUnitXMLReporter -->
<testsuite hostname="SubhadeepLaptop" ignored="0" name="Default test" tests="6" failures="0" timestamp="16 Mar 2022 20:25:21 GMT" time="43.865" errors="0">
  <testcase name="verifyHomePage" time="0.109" classname="testClass.TelecomTest"/>
  <testcase name="addCustomerDetails" time="5.381" classname="testClass.TelecomTest"/>
  <testcase name="getCustomerDetails" time="1.731" classname="testClass.TelecomTest"/>
  <testcase name="AddTariff" time="7.96" classname="testClass.TelecomTest"/>
  <testcase name="addPlanCustomer" time="11.277" classname="testClass.TelecomTest"/>
  <testcase name="payCustomerBill" time="3.798" classname="testClass.TelecomTest"/>
</testsuite> <!-- Default test -->
