<?xml version="1.0" encoding="UTF-8"?>
<!-- Generated by org.testng.reporters.JUnitXMLReporter -->
<testsuite hostname="SubhadeepLaptop" ignored="0" name="Test" tests="6" failures="0" timestamp="16 Mar 2022 20:31:48 GMT" time="38.128" errors="0">
  <testcase name="verifyHomePage" time="0.098" classname="testClass.TelecomTest"/>
  <testcase name="addCustomerDetails" time="4.979" classname="testClass.TelecomTest"/>
  <testcase name="getCustomerDetails" time="1.521" classname="testClass.TelecomTest"/>
  <testcase name="AddTariff" time="6.524" classname="testClass.TelecomTest"/>
  <testcase name="addPlanCustomer" time="10.55" classname="testClass.TelecomTest"/>
  <testcase name="payCustomerBill" time="3.736" classname="testClass.TelecomTest"/>
</testsuite> <!-- Test -->
