<?xml version="1.0" encoding="UTF-8"?>
<testng-results skipped="0" failed="0" ignored="0" total="7" passed="7">
  <reporter-output>
  </reporter-output>
  <suite name="Default suite" duration-ms="54942" started-at="2022-03-18T15:37:25Z" finished-at="2022-03-18T15:38:20Z">
    <groups>
    </groups>
    <test name="Default test" duration-ms="54942" started-at="2022-03-18T15:37:25Z" finished-at="2022-03-18T15:38:20Z">
      <class name="testClass.TelecomTest">
        <test-method status="PASS" signature="setupReport()[pri:0, instance:testClass.TelecomTest@548e7350]" name="setupReport" is-config="true" duration-ms="232" started-at="2022-03-18T15:37:25Z" finished-at="2022-03-18T15:37:25Z">
          <reporter-output>
          </reporter-output>
        </test-method> <!-- setupReport -->
        <test-method status="PASS" signature="setup()[pri:0, instance:testClass.TelecomTest@548e7350]" name="setup" is-config="true" duration-ms="9993" started-at="2022-03-18T15:37:25Z" finished-at="2022-03-18T15:37:35Z">
          <reporter-output>
          </reporter-output>
        </test-method> <!-- setup -->
        <test-method status="PASS" signature="verifyHomePage()[pri:0, instance:testClass.TelecomTest@548e7350]" name="verifyHomePage" duration-ms="88" started-at="2022-03-18T15:37:35Z" finished-at="2022-03-18T15:37:35Z">
          <reporter-output>
          </reporter-output>
        </test-method> <!-- verifyHomePage -->
        <test-method status="PASS" signature="getReport(org.testng.ITestResult)[pri:0, instance:testClass.TelecomTest@548e7350]" name="getReport" is-config="true" duration-ms="12" started-at="2022-03-18T15:37:35Z" finished-at="2022-03-18T15:37:35Z">
          <params>
            <param index="0">
              <value>
                <![CDATA[[TestResult name=verifyHomePage status=SUCCESS method=TelecomTest.verifyHomePage()[pri:0, instance:testClass.TelecomTest@548e7350] output={null}]]]>
              </value>
            </param>
          </params>
          <reporter-output>
          </reporter-output>
        </test-method> <!-- getReport -->
        <test-method status="PASS" signature="addCustomerDetails(java.lang.String, java.lang.String, java.lang.String, java.lang.String, java.lang.String)[pri:1, instance:testClass.TelecomTest@548e7350]" name="addCustomerDetails" duration-ms="6667" started-at="2022-03-18T15:37:36Z" data-provider="customerData" finished-at="2022-03-18T15:37:42Z">
          <params>
            <param index="0">
              <value>
                <![CDATA[Daniel]]>
              </value>
            </param>
            <param index="1">
              <value>
                <![CDATA[Watson]]>
              </value>
            </param>
            <param index="2">
              <value>
                <![CDATA[dw22@live.in]]>
              </value>
            </param>
            <param index="3">
              <value>
                <![CDATA[New York]]>
              </value>
            </param>
            <param index="4">
              <value>
                <![CDATA[5662007860]]>
              </value>
            </param>
          </params>
          <reporter-output>
          </reporter-output>
        </test-method> <!-- addCustomerDetails -->
        <test-method status="PASS" signature="getReport(org.testng.ITestResult)[pri:0, instance:testClass.TelecomTest@548e7350]" name="getReport" is-config="true" duration-ms="1" started-at="2022-03-18T15:37:42Z" finished-at="2022-03-18T15:37:42Z">
          <params>
            <param index="0">
              <value>
                <![CDATA[[TestResult name=addCustomerDetails status=SUCCESS method=TelecomTest.addCustomerDetails(java.lang.String, java.lang.String, java.lang.String, java.lang.String, java.lang.String)[pri:1, instance:testClass.TelecomTest@548e7350] output={null}]]]>
              </value>
            </param>
          </params>
          <reporter-output>
          </reporter-output>
        </test-method> <!-- getReport -->
        <test-method status="PASS" signature="addCustomerDetails(java.lang.String, java.lang.String, java.lang.String, java.lang.String, java.lang.String)[pri:1, instance:testClass.TelecomTest@548e7350]" name="addCustomerDetails" duration-ms="6416" started-at="2022-03-18T15:37:42Z" data-provider="customerData" finished-at="2022-03-18T15:37:49Z">
          <params>
            <param index="0">
              <value>
                <![CDATA[Thomas]]>
              </value>
            </param>
            <param index="1">
              <value>
                <![CDATA[Chappel]]>
              </value>
            </param>
            <param index="2">
              <value>
                <![CDATA[tch@gmail.com]]>
              </value>
            </param>
            <param index="3">
              <value>
                <![CDATA[Chicago]]>
              </value>
            </param>
            <param index="4">
              <value>
                <![CDATA[2255401445]]>
              </value>
            </param>
          </params>
          <reporter-output>
          </reporter-output>
        </test-method> <!-- addCustomerDetails -->
        <test-method status="PASS" signature="getReport(org.testng.ITestResult)[pri:0, instance:testClass.TelecomTest@548e7350]" name="getReport" is-config="true" duration-ms="1" started-at="2022-03-18T15:37:49Z" finished-at="2022-03-18T15:37:49Z">
          <params>
            <param index="0">
              <value>
                <![CDATA[[TestResult name=addCustomerDetails status=SUCCESS method=TelecomTest.addCustomerDetails(java.lang.String, java.lang.String, java.lang.String, java.lang.String, java.lang.String)[pri:1, instance:testClass.TelecomTest@548e7350] output={null}]]]>
              </value>
            </param>
          </params>
          <reporter-output>
          </reporter-output>
        </test-method> <!-- getReport -->
        <test-method status="PASS" signature="AddTariff(double, double, double, double, double, double, double)[pri:3, instance:testClass.TelecomTest@548e7350]" name="AddTariff" duration-ms="6102" started-at="2022-03-18T15:37:49Z" data-provider="tariff" finished-at="2022-03-18T15:37:55Z">
          <params>
            <param index="0">
              <value>
                <![CDATA[399.0]]>
              </value>
            </param>
            <param index="1">
              <value>
                <![CDATA[10000.0]]>
              </value>
            </param>
            <param index="2">
              <value>
                <![CDATA[100.0]]>
              </value>
            </param>
            <param index="3">
              <value>
                <![CDATA[500.0]]>
              </value>
            </param>
            <param index="4">
              <value>
                <![CDATA[2.0]]>
              </value>
            </param>
            <param index="5">
              <value>
                <![CDATA[20.0]]>
              </value>
            </param>
            <param index="6">
              <value>
                <![CDATA[1.0]]>
              </value>
            </param>
          </params>
          <reporter-output>
          </reporter-output>
        </test-method> <!-- AddTariff -->
        <test-method status="PASS" signature="getReport(org.testng.ITestResult)[pri:0, instance:testClass.TelecomTest@548e7350]" name="getReport" is-config="true" duration-ms="1" started-at="2022-03-18T15:37:55Z" finished-at="2022-03-18T15:37:55Z">
          <params>
            <param index="0">
              <value>
                <![CDATA[[TestResult name=AddTariff status=SUCCESS method=TelecomTest.AddTariff(double, double, double, double, double, double, double)[pri:3, instance:testClass.TelecomTest@548e7350] output={null}]]]>
              </value>
            </param>
          </params>
          <reporter-output>
          </reporter-output>
        </test-method> <!-- getReport -->
        <test-method status="PASS" signature="AddTariff(double, double, double, double, double, double, double)[pri:3, instance:testClass.TelecomTest@548e7350]" name="AddTariff" duration-ms="6831" started-at="2022-03-18T15:37:55Z" data-provider="tariff" finished-at="2022-03-18T15:38:02Z">
          <params>
            <param index="0">
              <value>
                <![CDATA[599.0]]>
              </value>
            </param>
            <param index="1">
              <value>
                <![CDATA[10000.0]]>
              </value>
            </param>
            <param index="2">
              <value>
                <![CDATA[300.0]]>
              </value>
            </param>
            <param index="3">
              <value>
                <![CDATA[1000.0]]>
              </value>
            </param>
            <param index="4">
              <value>
                <![CDATA[2.0]]>
              </value>
            </param>
            <param index="5">
              <value>
                <![CDATA[20.0]]>
              </value>
            </param>
            <param index="6">
              <value>
                <![CDATA[1.0]]>
              </value>
            </param>
          </params>
          <reporter-output>
          </reporter-output>
        </test-method> <!-- AddTariff -->
        <test-method status="PASS" signature="getReport(org.testng.ITestResult)[pri:0, instance:testClass.TelecomTest@548e7350]" name="getReport" is-config="true" duration-ms="1" started-at="2022-03-18T15:38:02Z" finished-at="2022-03-18T15:38:02Z">
          <params>
            <param index="0">
              <value>
                <![CDATA[[TestResult name=AddTariff status=SUCCESS method=TelecomTest.AddTariff(double, double, double, double, double, double, double)[pri:3, instance:testClass.TelecomTest@548e7350] output={null}]]]>
              </value>
            </param>
          </params>
          <reporter-output>
          </reporter-output>
        </test-method> <!-- getReport -->
        <test-method status="PASS" signature="addPlanCustomer()[pri:4, instance:testClass.TelecomTest@548e7350]" name="addPlanCustomer" duration-ms="10806" started-at="2022-03-18T15:38:02Z" finished-at="2022-03-18T15:38:13Z">
          <reporter-output>
          </reporter-output>
        </test-method> <!-- addPlanCustomer -->
        <test-method status="PASS" signature="getReport(org.testng.ITestResult)[pri:0, instance:testClass.TelecomTest@548e7350]" name="getReport" is-config="true" duration-ms="0" started-at="2022-03-18T15:38:13Z" finished-at="2022-03-18T15:38:13Z">
          <params>
            <param index="0">
              <value>
                <![CDATA[[TestResult name=addPlanCustomer status=SUCCESS method=TelecomTest.addPlanCustomer()[pri:4, instance:testClass.TelecomTest@548e7350] output={null}]]]>
              </value>
            </param>
          </params>
          <reporter-output>
          </reporter-output>
        </test-method> <!-- getReport -->
        <test-method status="PASS" signature="payCustomerBill()[pri:5, instance:testClass.TelecomTest@548e7350]" name="payCustomerBill" duration-ms="3838" started-at="2022-03-18T15:38:13Z" finished-at="2022-03-18T15:38:17Z">
          <reporter-output>
          </reporter-output>
        </test-method> <!-- payCustomerBill -->
        <test-method status="PASS" signature="getReport(org.testng.ITestResult)[pri:0, instance:testClass.TelecomTest@548e7350]" name="getReport" is-config="true" duration-ms="1" started-at="2022-03-18T15:38:17Z" finished-at="2022-03-18T15:38:17Z">
          <params>
            <param index="0">
              <value>
                <![CDATA[[TestResult name=payCustomerBill status=SUCCESS method=TelecomTest.payCustomerBill()[pri:5, instance:testClass.TelecomTest@548e7350] output={null}]]]>
              </value>
            </param>
          </params>
          <reporter-output>
          </reporter-output>
        </test-method> <!-- getReport -->
        <test-method status="PASS" signature="closeBrowser()[pri:0, instance:testClass.TelecomTest@548e7350]" name="closeBrowser" is-config="true" duration-ms="3234" started-at="2022-03-18T15:38:17Z" finished-at="2022-03-18T15:38:20Z">
          <reporter-output>
          </reporter-output>
        </test-method> <!-- closeBrowser -->
      </class> <!-- testClass.TelecomTest -->
    </test> <!-- Default test -->
  </suite> <!-- Default suite -->
</testng-results>
